This is pdfTeX, Version 3.14159265-2.6-1.40.20 (MiKTeX 2.9.7000 64-bit) (preloaded format=pdflatex 2019.4.3)  3 APR 2019 02:20
entering extended mode
**./Deckblatt.tex
(Deckblatt.tex
LaTeX2e <2018-12-01>

! LaTeX Error: Environment titlepage undefined.

See the LaTeX manual or LaTeX Companion for explanation.
Type  H <return>  for immediate help.
 ...                                              
                                                  
l.1 \begin{titlepage}
                     
Your command was ignored.
Type  I <command> <return>  to replace it with another command,
or  <return>  to continue without it.


! LaTeX Error: Missing \begin{document}.

See the LaTeX manual or LaTeX Companion for explanation.
Type  H <return>  for immediate help.
 ...                                              
                                                  
l.3 \begin{center}
                  
You're in trouble here.  Try typing  <return>  to proceed.
If that doesn't work, type  X <return>  to quit.


Overfull \hbox (20.0pt too wide) in paragraph at lines 3--3
[] 
 []


! LaTeX Error: Environment figure undefined.

See the LaTeX manual or LaTeX Companion for explanation.
Type  H <return>  for immediate help.
 ...                                              
                                                  
l.5 \begin{figure}
                  
Your command was ignored.
Type  I <command> <return>  to replace it with another command,
or  <return>  to continue without it.

! Undefined control sequence.
l.8 \includegraphics
                    [width=0.8\linewidth]{Bilder/Deckblatt/universityLogo}
The control sequence at the end of the top line
of your error message was never \def'ed. If you have
misspelled it (e.g., `\hobx'), type `I' and the correct
spelling (e.g., `I\hbox'). Otherwise just continue,
and I'll forget about whatever was undefined.

Missing character: There is no [ in font nullfont!
Missing character: There is no w in font nullfont!
Missing character: There is no i in font nullfont!
Missing character: There is no d in font nullfont!
Missing character: There is no t in font nullfont!
Missing character: There is no h in font nullfont!
Missing character: There is no = in font nullfont!
Missing character: There is no 0 in font nullfont!
Missing character: There is no . in font nullfont!
Missing character: There is no 8 in font nullfont!
! Missing number, treated as zero.
<to be read again> 
                   ]
l.8 \includegraphics[width=0.8\linewidth]
                                         {Bilder/Deckblatt/universityLogo}
A number should have been here; I inserted `0'.
(If you can't figure out why I needed to see a number,
look up `weird error' in the index to The TeXbook.)

! Illegal unit of measure (pt inserted).
<to be read again> 
                   ]
l.8 \includegraphics[width=0.8\linewidth]
                                         {Bilder/Deckblatt/universityLogo}
Dimensions can be in units of em, ex, in, pt, pc,
cm, mm, dd, cc, nd, nc, bp, or sp; but yours is a new one!
I'll assume that you meant to say pt, for printer's points.
To recover gracefully from this error, it's best to
delete the erroneous units; e.g., type `2' to delete
two letters. (See Chapter 27 of The TeXbook.)

Missing character: There is no ] in font nullfont!
Missing character: There is no B in font nullfont!
Missing character: There is no i in font nullfont!
Missing character: There is no l in font nullfont!
Missing character: There is no d in font nullfont!
Missing character: There is no e in font nullfont!
Missing character: There is no r in font nullfont!
Missing character: There is no / in font nullfont!
Missing character: There is no D in font nullfont!
Missing character: There is no e in font nullfont!
Missing character: There is no c in font nullfont!
Missing character: There is no k in font nullfont!
Missing character: There is no b in font nullfont!
Missing character: There is no l in font nullfont!
Missing character: There is no a in font nullfont!
Missing character: There is no t in font nullfont!
Missing character: There is no t in font nullfont!
Missing character: There is no / in font nullfont!
Missing character: There is no u in font nullfont!
Missing character: There is no n in font nullfont!
Missing character: There is no i in font nullfont!
Missing character: There is no v in font nullfont!
Missing character: There is no e in font nullfont!
Missing character: There is no r in font nullfont!
Missing character: There is no s in font nullfont!
Missing character: There is no i in font nullfont!
Missing character: There is no t in font nullfont!
Missing character: There is no y in font nullfont!
Missing character: There is no L in font nullfont!
Missing character: There is no o in font nullfont!
Missing character: There is no g in font nullfont!
Missing character: There is no o in font nullfont!
LaTeX Font Info:    External font `cmex10' loaded for size
(Font)              <7> on input line 9.
LaTeX Font Info:    External font `cmex10' loaded for size
(Font)              <5> on input line 9.
! Undefined control sequence.
l.13 \includegraphics
                     [width=1\linewidth]{Bilder/Deckblatt/CompanyLogo}
The control sequence at the end of the top line
of your error message was never \def'ed. If you have
misspelled it (e.g., `\hobx'), type `I' and the correct
spelling (e.g., `I\hbox'). Otherwise just continue,
and I'll forget about whatever was undefined.

Missing character: There is no [ in font nullfont!
Missing character: There is no w in font nullfont!
Missing character: There is no i in font nullfont!
Missing character: There is no d in font nullfont!
Missing character: There is no t in font nullfont!
Missing character: There is no h in font nullfont!
Missing character: There is no = in font nullfont!
Missing character: There is no 1 in font nullfont!
! Missing number, treated as zero.
<to be read again> 
                   ]
l.13 \includegraphics[width=1\linewidth]
                                        {Bilder/Deckblatt/CompanyLogo}
A number should have been here; I inserted `0'.
(If you can't figure out why I needed to see a number,
look up `weird error' in the index to The TeXbook.)

! Illegal unit of measure (pt inserted).
<to be read again> 
                   ]
l.13 \includegraphics[width=1\linewidth]
                                        {Bilder/Deckblatt/CompanyLogo}
Dimensions can be in units of em, ex, in, pt, pc,
cm, mm, dd, cc, nd, nc, bp, or sp; but yours is a new one!
I'll assume that you meant to say pt, for printer's points.
To recover gracefully from this error, it's best to
delete the erroneous units; e.g., type `2' to delete
two letters. (See Chapter 27 of The TeXbook.)

Missing character: There is no ] in font nullfont!
Missing character: There is no B in font nullfont!
Missing character: There is no i in font nullfont!
Missing character: There is no l in font nullfont!
Missing character: There is no d in font nullfont!
Missing character: There is no e in font nullfont!
Missing character: There is no r in font nullfont!
Missing character: There is no / in font nullfont!
Missing character: There is no D in font nullfont!
Missing character: There is no e in font nullfont!
Missing character: There is no c in font nullfont!
Missing character: There is no k in font nullfont!
Missing character: There is no b in font nullfont!
Missing character: There is no l in font nullfont!
Missing character: There is no a in font nullfont!
Missing character: There is no t in font nullfont!
Missing character: There is no t in font nullfont!
Missing character: There is no / in font nullfont!
Missing character: There is no C in font nullfont!
Missing character: There is no o in font nullfont!
Missing character: There is no m in font nullfont!
Missing character: There is no p in font nullfont!
Missing character: There is no a in font nullfont!
Missing character: There is no n in font nullfont!
Missing character: There is no y in font nullfont!
Missing character: There is no L in font nullfont!
Missing character: There is no o in font nullfont!
Missing character: There is no g in font nullfont!
Missing character: There is no o in font nullfont!

! LaTeX Error: \begin{center} on input line 3 ended by \end{figure}.

See the LaTeX manual or LaTeX Companion for explanation.
Type  H <return>  for immediate help.
 ...                                              
                                                  
l.15 \end{figure}
                 
Your command was ignored.
Type  I <command> <return>  to replace it with another command,
or  <return>  to continue without it.


Overfull \hbox (113.81102pt too wide) in paragraph at lines 6--16
 []$ 
 []


Overfull \hbox (170.71652pt too wide) in paragraph at lines 6--16
 []$ 
 []


Overfull \hbox (43.90254pt too wide) in paragraph at lines 19--19
 []\OT1/cmr/bx/n/10 Bachelor 
 []


Overfull \hbox (24.29153pt too wide) in paragraph at lines 19--19
 \OT1/cmr/bx/n/10 MKI 
 []


! LaTeX Error: Command \quotedblbase unavailable in encoding OT1.

See the LaTeX manual or LaTeX Companion for explanation.
Type  H <return>  for immediate help.
 ...                                              
                                                  
l.20 ...kte Tracing im Zuge einer VR Anwendung“}
                                                   \\
Your command was ignored.
Type  I <command> <return>  to replace it with another command,
or  <return>  to continue without it.


Overfull \hbox (46.33311pt too wide) in paragraph at lines 20--20
 []\OT1/cmr/bx/n/10 Vergleich 
 []


Overfull \hbox (17.8888pt too wide) in paragraph at lines 20--20
 \OT1/cmr/bx/n/10 von 
 []


Overfull \hbox (13.37492pt too wide) in paragraph at lines 20--20
 \OT1/cmr/bx/n/10 IK 
 []


Overfull \hbox (19.16656pt too wide) in paragraph at lines 20--20
 \OT1/cmr/bx/n/10 und 
 []


Overfull \hbox (5.74997pt too wide) in paragraph at lines 20--20
 \OT1/cmr/bx/n/10 3 
 []


Overfull \hbox (36.4512pt too wide) in paragraph at lines 20--20
 \OT1/cmr/bx/n/10 Punkte 
 []


Overfull \hbox (26.31235pt too wide) in paragraph at lines 20--20
 \OT1/cmr/bx/n/10 Trac- 
 []


Overfull \hbox (15.33325pt too wide) in paragraph at lines 20--20
 \OT1/cmr/bx/n/10 ing 
 []


Overfull \hbox (12.77771pt too wide) in paragraph at lines 20--20
 \OT1/cmr/bx/n/10 im 
 []


Overfull \hbox (24.43738pt too wide) in paragraph at lines 20--20
 \OT1/cmr/bx/n/10 Zuge 
 []


Overfull \hbox (24.86101pt too wide) in paragraph at lines 20--20
 \OT1/cmr/bx/n/10 einer 
 []


Overfull \hbox (17.31935pt too wide) in paragraph at lines 20--20
 \OT1/cmr/bx/n/10 VR 
 []


Overfull \hbox (18.91656pt too wide) in paragraph at lines 20--20
 \OT1/cmr/bx/n/10 An- 
 []


Overfull \hbox (23.47905pt too wide) in paragraph at lines 20--20
 \OT1/cmr/bx/n/10 wen- 
 []


Overfull \hbox (30.94429pt too wide) in paragraph at lines 20--20
 \OT1/cmr/bx/n/10 dung\ 
 []

! Undefined control sequence.
l.22 {\large
             \textbf{WS2014\\}}
The control sequence at the end of the top line
of your error message was never \def'ed. If you have
misspelled it (e.g., `\hobx'), type `I' and the correct
spelling (e.g., `I\hbox'). Otherwise just continue,
and I'll forget about whatever was undefined.


Overfull \hbox (41.27756pt too wide) in paragraph at lines 22--22
 []\OT1/cmr/bx/n/10 WS2014 
 []

Missing character: There is no P in font nullfont!
Missing character: There is no r in font nullfont!
Missing character: There is no o in font nullfont!
Missing character: There is no f in font nullfont!
Missing character: There is no . in font nullfont!
Missing character: There is no D in font nullfont!
Missing character: There is no r in font nullfont!
Missing character: There is no . in font nullfont!
Missing character: There is no X in font nullfont!
Missing character: There is no X in font nullfont!
Missing character: There is no X in font nullfont!
! Undefined control sequence.
l.26 {\large
             \textbf{- Final Report -}}
The control sequence at the end of the top line
of your error message was never \def'ed. If you have
misspelled it (e.g., `\hobx'), type `I' and the correct
spelling (e.g., `I\hbox'). Otherwise just continue,
and I'll forget about whatever was undefined.


Overfull \hbox (3.83331pt too wide) in paragraph at lines 26--27
 []\OT1/cmr/bx/n/10 - 
 []


Overfull \hbox (14.26381pt too wide) in paragraph at lines 26--27
 \OT1/cmr/bx/n/10 Fi- 
 []


Overfull \hbox (15.17351pt too wide) in paragraph at lines 26--27
 \OT1/cmr/bx/n/10 nal 
 []


Overfull \hbox (17.72908pt too wide) in paragraph at lines 26--27
 \OT1/cmr/bx/n/10 Re- 
 []


Overfull \hbox (21.66656pt too wide) in paragraph at lines 26--27
 \OT1/cmr/bx/n/10 port 
 []


Overfull \hbox (3.83331pt too wide) in paragraph at lines 26--27
 \OT1/cmr/bx/n/10 - 
 []

! Undefined control sequence.
<argument> {\large 
                   {\Large TITEL }}
l.28 \textbf{{\large {\Large TITEL }}}
                                      \\
The control sequence at the end of the top line
of your error message was never \def'ed. If you have
misspelled it (e.g., `\hobx'), type `I' and the correct
spelling (e.g., `I\hbox'). Otherwise just continue,
and I'll forget about whatever was undefined.

! Undefined control sequence.
<argument> {\large {\Large 
                           TITEL }}
l.28 \textbf{{\large {\Large TITEL }}}
                                      \\
The control sequence at the end of the top line
of your error message was never \def'ed. If you have
misspelled it (e.g., `\hobx'), type `I' and the correct
spelling (e.g., `I\hbox'). Otherwise just continue,
and I'll forget about whatever was undefined.


Overfull \hbox (34.83313pt too wide) in paragraph at lines 28--28
 []\OT1/cmr/bx/n/10 TITEL 
 []


Overfull \hbox (8191.99998pt too wide) in paragraph at lines 30--32
 [] 
 []


Overfull \hbox (45.94423pt too wide) in paragraph at lines 33--33
 []\OT1/cmr/bx/n/10 vorgelegt 
 []


Overfull \hbox (21.08322pt too wide) in paragraph at lines 33--33
 \OT1/cmr/bx/n/10 von: 
 []

! Undefined control sequence.
l.34 {\large
             \textbf{Robin Connor Schramm\\}}
The control sequence at the end of the top line
of your error message was never \def'ed. If you have
misspelled it (e.g., `\hobx'), type `I' and the correct
spelling (e.g., `I\hbox'). Otherwise just continue,
and I'll forget about whatever was undefined.


Overfull \hbox (30.34706pt too wide) in paragraph at lines 34--34
 []\OT1/cmr/bx/n/10 Robin 
 []


Overfull \hbox (24.27765pt too wide) in paragraph at lines 34--34
 \OT1/cmr/bx/n/10 Con- 
 []


Overfull \hbox (16.87492pt too wide) in paragraph at lines 34--34
 \OT1/cmr/bx/n/10 nor 
 []


Overfull \hbox (47.06224pt too wide) in paragraph at lines 34--34
 \OT1/cmr/bx/n/10 Schramm 
 []

Missing character: There is no 7 in font nullfont!
Missing character: There is no . in font nullfont!
Missing character: There is no S in font nullfont!
Missing character: There is no e in font nullfont!
Missing character: There is no m in font nullfont!
Missing character: There is no e in font nullfont!
Missing character: There is no s in font nullfont!
Missing character: There is no t in font nullfont!
Missing character: There is no e in font nullfont!
Missing character: There is no r in font nullfont!
Missing character: There is no S in font nullfont!
Missing character: There is no u in font nullfont!
Missing character: There is no b in font nullfont!
Missing character: There is no m in font nullfont!
Missing character: There is no i in font nullfont!
Missing character: There is no t in font nullfont!
Missing character: There is no t in font nullfont!
Missing character: There is no e in font nullfont!
Missing character: There is no d in font nullfont!
Missing character: There is no o in font nullfont!
Missing character: There is no n in font nullfont!
Missing character: There is no : in font nullfont!
Missing character: There is no 1 in font nullfont!
Missing character: There is no 5 in font nullfont!
Missing character: There is no . in font nullfont!
Missing character: There is no 6 in font nullfont!
Missing character: There is no . in font nullfont!
Missing character: There is no 2 in font nullfont!
Missing character: There is no 0 in font nullfont!
Missing character: There is no 1 in font nullfont!
Missing character: There is no 9 in font nullfont!

! LaTeX Error: \begin{document} ended by \end{titlepage}.

See the LaTeX manual or LaTeX Companion for explanation.
Type  H <return>  for immediate help.
 ...                                              
                                                  
l.47 \end{titlepage}
                    
Your command was ignored.
Type  I <command> <return>  to replace it with another command,
or  <return>  to continue without it.

)
! Emergency stop.
<*> ./Deckblatt.tex
                   
*** (job aborted, no legal \end found)

 
Here is how much of TeX's memory you used:
 18 strings out of 492945
 335 string characters out of 3126253
 58652 words of memory out of 3000000
 4015 multiletter control sequences out of 15000+200000
 3948 words of font info for 15 fonts, out of 3000000 for 9000
 1141 hyphenation exceptions out of 8191
 20i,2n,18p,117b,140s stack positions out of 5000i,500n,10000p,200000b,50000s
!  ==> Fatal error occurred, no output PDF file produced!
