\BOOKMARK [1][-]{toc.1}{Inhalt}{}% 1
\BOOKMARK [0][-]{chapter*.4}{Abbildungsverzeichnis}{}% 2
\BOOKMARK [0][-]{chapter.1}{Einleitung}{}% 3
\BOOKMARK [1][-]{section.1.1}{Einf\374hrung / Hinf\374hrung zum Thema}{chapter.1}% 4
\BOOKMARK [1][-]{section.1.2}{Ziele}{chapter.1}% 5
\BOOKMARK [1][-]{section.1.3}{Hypothese}{chapter.1}% 6
\BOOKMARK [1][-]{section.1.4}{Vorgehensweise}{chapter.1}% 7
\BOOKMARK [0][-]{chapter.2}{Stand der Technik}{}% 8
\BOOKMARK [1][-]{section.2.1}{Virtuelle Realit\344t}{chapter.2}% 9
\BOOKMARK [1][-]{section.2.2}{Immersion}{chapter.2}% 10
\BOOKMARK [1][-]{section.2.3}{Self Embodiment}{chapter.2}% 11
\BOOKMARK [1][-]{section.2.4}{Avatare}{chapter.2}% 12
\BOOKMARK [1][-]{section.2.5}{Inverse Kinematics}{chapter.2}% 13
\BOOKMARK [0][-]{chapter.3}{Versuch}{}% 14
\BOOKMARK [1][-]{section.3.1}{Technisches Setup / Versuchsaufbau}{chapter.3}% 15
\BOOKMARK [1][-]{section.3.2}{Plan}{chapter.3}% 16
\BOOKMARK [1][-]{section.3.3}{Hardware}{chapter.3}% 17
\BOOKMARK [1][-]{section.3.4}{Aufbau Game?}{chapter.3}% 18
\BOOKMARK [1][-]{section.3.5}{Implementation}{chapter.3}% 19
\BOOKMARK [1][-]{section.3.6}{Aufgabe}{chapter.3}% 20
\BOOKMARK [1][-]{section.3.7}{Probanden}{chapter.3}% 21
\BOOKMARK [0][-]{chapter.4}{Evaluation}{}% 22
\BOOKMARK [1][-]{section.4.1}{Statistik}{chapter.4}% 23
\BOOKMARK [1][-]{section.4.2}{Auswertung}{chapter.4}% 24
\BOOKMARK [1][-]{section.4.3}{Fazit}{chapter.4}% 25
\BOOKMARK [0][-]{chapter*.5}{Literatur}{}% 26
